<?xml version="1.0" encoding="UTF-8"?>
<!-- Generated by org.testng.reporters.JUnitReportReporter -->
<testsuite skipped="0" hostname="Hp-PC" name="com.crm.qa.tests.ContactsPageTest" tests="3" failures="0" timestamp="13 Feb 2018 14:42:40 GMT" time="81.449" errors="0">
  <testcase name="verifyContactsLabel" time="23.954" classname="com.crm.qa.tests.ContactsPageTest"/>
  <testcase name="selectSingleContactTest" time="28.275" classname="com.crm.qa.tests.ContactsPageTest"/>
  <testcase name="selectMultipleContactTest" time="29.220" classname="com.crm.qa.tests.ContactsPageTest"/>
</testsuite> <!-- com.crm.qa.tests.ContactsPageTest -->
