<?xml version="1.0" encoding="UTF-8"?>
<!-- Generated by org.testng.reporters.JUnitReportReporter -->
<testsuite skipped="0" hostname="Hp-PC" name="com.crm.qa.testscases.LoginPageTest" tests="3" failures="0" timestamp="18 Feb 2018 07:05:15 GMT" time="44.069" errors="0">
  <testcase name="loginPageTitleTest" time="12.337" classname="com.crm.qa.testscases.LoginPageTest"/>
  <testcase name="crmLogoImageTest" time="8.335" classname="com.crm.qa.testscases.LoginPageTest"/>
  <testcase name="loginTest" time="23.397" classname="com.crm.qa.testscases.LoginPageTest"/>
</testsuite> <!-- com.crm.qa.testscases.LoginPageTest -->
