<?xml version="1.0" encoding="UTF-8"?>
<!-- Generated by org.testng.reporters.JUnitReportReporter -->
<testsuite skipped="0" hostname="Hp-PC" name="com.crm.qa.testscases.HomePageTest" tests="3" failures="0" timestamp="18 Feb 2018 07:05:15 GMT" time="53.216" errors="0">
  <testcase name="verifyhomePageTitleTest" time="19.999" classname="com.crm.qa.testscases.HomePageTest"/>
  <testcase name="verifyUserNameTest" time="18.051" classname="com.crm.qa.testscases.HomePageTest"/>
  <testcase name="verifyContactsLinkTest" time="15.166" classname="com.crm.qa.testscases.HomePageTest"/>
</testsuite> <!-- com.crm.qa.testscases.HomePageTest -->
