<?xml version="1.0" encoding="UTF-8"?>
<!-- Generated by org.testng.reporters.JUnitReportReporter -->
<testsuite skipped="0" hostname="Hp-PC" name="com.crm.qa.testscases.ContactsPageTest" tests="6" failures="0" timestamp="25 Feb 2018 05:37:17 GMT" time="139.360" errors="0">
  <testcase name="verifyContactsLabel" time="20.303" classname="com.crm.qa.testscases.ContactsPageTest"/>
  <testcase name="selectSingleContactTest" time="16.342" classname="com.crm.qa.testscases.ContactsPageTest"/>
  <testcase name="selectMultipleContactTest" time="37.594" classname="com.crm.qa.testscases.ContactsPageTest"/>
  <testcase name="validateCreateNewContact" time="19.048" classname="com.crm.qa.testscases.ContactsPageTest"/>
  <testcase name="validateCreateNewContact" time="21.323" classname="com.crm.qa.testscases.ContactsPageTest"/>
  <testcase name="validateCreateNewContact" time="24.750" classname="com.crm.qa.testscases.ContactsPageTest"/>
</testsuite> <!-- com.crm.qa.testscases.ContactsPageTest -->
