<?xml version="1.0" encoding="UTF-8"?>
<!-- Generated by org.testng.reporters.JUnitReportReporter -->
<testsuite skipped="0" hostname="Hp-PC" name="com.crm.qa.testscases.ContactsPageTest" tests="6" failures="0" timestamp="18 Feb 2018 07:49:34 GMT" time="166.307" errors="0">
  <testcase name="verifyContactsLabel" time="26.507" classname="com.crm.qa.testscases.ContactsPageTest"/>
  <testcase name="selectSingleContactTest" time="24.284" classname="com.crm.qa.testscases.ContactsPageTest"/>
  <testcase name="selectMultipleContactTest" time="22.460" classname="com.crm.qa.testscases.ContactsPageTest"/>
  <testcase name="validateCreateNewContact" time="31.223" classname="com.crm.qa.testscases.ContactsPageTest"/>
  <testcase name="validateCreateNewContact" time="33.424" classname="com.crm.qa.testscases.ContactsPageTest"/>
  <testcase name="validateCreateNewContact" time="28.409" classname="com.crm.qa.testscases.ContactsPageTest"/>
</testsuite> <!-- com.crm.qa.testscases.ContactsPageTest -->
