<?xml version="1.0" encoding="UTF-8"?>
<!-- Generated by org.testng.reporters.JUnitReportReporter -->
<testsuite skipped="0" hostname="Hp-PC" name="com.crm.qa.testscases.HomePageTest" tests="3" failures="0" timestamp="25 Feb 2018 05:37:17 GMT" time="46.230" errors="0">
  <testcase name="verifyhomePageTitleTest" time="15.934" classname="com.crm.qa.testscases.HomePageTest"/>
  <testcase name="verifyUserNameTest" time="14.565" classname="com.crm.qa.testscases.HomePageTest"/>
  <testcase name="verifyContactsLinkTest" time="15.731" classname="com.crm.qa.testscases.HomePageTest"/>
</testsuite> <!-- com.crm.qa.testscases.HomePageTest -->
