<?xml version="1.0" encoding="UTF-8"?>
<!-- Generated by org.testng.reporters.JUnitReportReporter -->
<testsuite skipped="0" hostname="Hp-PC" name="com.crm.qa.testscases.HomePageTest" tests="3" failures="0" timestamp="18 Feb 2018 07:49:34 GMT" time="87.383" errors="0">
  <testcase name="verifyhomePageTitleTest" time="31.675" classname="com.crm.qa.testscases.HomePageTest"/>
  <testcase name="verifyUserNameTest" time="28.088" classname="com.crm.qa.testscases.HomePageTest"/>
  <testcase name="verifyContactsLinkTest" time="27.620" classname="com.crm.qa.testscases.HomePageTest"/>
</testsuite> <!-- com.crm.qa.testscases.HomePageTest -->
