<?xml version="1.0" encoding="UTF-8"?>
<!-- Generated by org.testng.reporters.JUnitReportReporter -->
<testsuite skipped="0" hostname="Hp-PC" name="com.crm.qa.testscases.LoginPageTest" tests="3" failures="0" timestamp="25 Feb 2018 05:37:17 GMT" time="30.072" errors="0">
  <testcase name="loginPageTitleTest" time="8.218" classname="com.crm.qa.testscases.LoginPageTest"/>
  <testcase name="crmLogoImageTest" time="8.135" classname="com.crm.qa.testscases.LoginPageTest"/>
  <testcase name="loginTest" time="13.719" classname="com.crm.qa.testscases.LoginPageTest"/>
</testsuite> <!-- com.crm.qa.testscases.LoginPageTest -->
